# JRE version: OpenJDK Runtime Environment (17.0.9) (build 17.0.9+0--11185874)
# Java VM: OpenJDK 64-Bit Server VM (17.0.9+0--11185874, mixed mode, tiered, compressed oops, compressed class ptrs, g1 gc, windows-amd64)
GC Precious Log:
 CPUs: 8 total, 8 available
 Memory: 16308M
 Large Page Support: Disabled
 NUMA Support: Disabled
 Compressed Oops: Enabled (32-bit)
 Heap Region Size: 1M
 Heap Min Capacity: 8M
 Heap Initial Capacity: 256M
 Heap Max Capacity: 2G
 Pre-touch: Disabled
 Parallel Workers: 8
 Concurrent Workers: 2
 Concurrent Refinement Workers: 8
 Periodic GC: Disabled
Heap:
 garbage-first heap   total 440320K, used 361164K [0x0000000080000000, 0x0000000100000000)
  region size 1024K, 4 young (4096K), 4 survivors (4096K)
 Metaspace       used 115647K, committed 116608K, reserved 1179648K
  class space    used 15800K, committed 16256K, reserved 1048576K
GC Heap History (20 events):
Event: 23.844 GC heap after
{Heap after GC invocations=53 (full 0):
 garbage-first heap   total 314368K, used 157984K [0x0000000080000000, 0x0000000100000000)
  region size 1024K, 10 young (10240K), 10 survivors (10240K)
 Metaspace       used 102763K, committed 103616K, reserved 1179648K
  class space    used 13983K, committed 14400K, reserved 1048576K
}
Event: 26.113 GC heap before
{Heap before GC invocations=53 (full 0):
 garbage-first heap   total 314368K, used 253216K [0x0000000080000000, 0x0000000100000000)
  region size 1024K, 104 young (106496K), 10 survivors (10240K)
 Metaspace       used 103425K, committed 104320K, reserved 1179648K
  class space    used 14093K, committed 14528K, reserved 1048576K
}
Event: 26.124 GC heap after
{Heap after GC invocations=54 (full 0):
 garbage-first heap   total 314368K, used 163896K [0x0000000080000000, 0x0000000100000000)
  region size 1024K, 9 young (9216K), 9 survivors (9216K)
 Metaspace       used 103425K, committed 104320K, reserved 1179648K
  class space    used 14093K, committed 14528K, reserved 1048576K
}
Event: 28.675 GC heap before
{Heap before GC invocations=54 (full 0):
 garbage-first heap   total 314368K, used 255032K [0x0000000080000000, 0x0000000100000000)
  region size 1024K, 99 young (101376K), 9 survivors (9216K)
 Metaspace       used 110236K, committed 111168K, reserved 1179648K
  class space    used 15000K, committed 15424K, reserved 1048576K
}
Event: 28.684 GC heap after
{Heap after GC invocations=55 (full 0):
 garbage-first heap   total 314368K, used 170109K [0x0000000080000000, 0x0000000100000000)
  region size 1024K, 8 young (8192K), 8 survivors (8192K)
 Metaspace       used 110236K, committed 111168K, reserved 1179648K
  class space    used 15000K, committed 15424K, reserved 1048576K
}
Event: 29.030 GC heap before
{Heap before GC invocations=55 (full 0):
 garbage-first heap   total 314368K, used 257149K [0x0000000080000000, 0x0000000100000000)
  region size 1024K, 94 young (96256K), 8 survivors (8192K)
 Metaspace       used 110520K, committed 111424K, reserved 1179648K
  class space    used 15059K, committed 15488K, reserved 1048576K
}
Event: 29.039 GC heap after
{Heap after GC invocations=56 (full 0):
 garbage-first heap   total 314368K, used 177712K [0x0000000080000000, 0x0000000100000000)
  region size 1024K, 9 young (9216K), 9 survivors (9216K)
 Metaspace       used 110520K, committed 111424K, reserved 1179648K
  class space    used 15059K, committed 15488K, reserved 1048576K
}
Event: 29.266 GC heap before
{Heap before GC invocations=56 (full 0):
 garbage-first heap   total 314368K, used 257584K [0x0000000080000000, 0x0000000100000000)
  region size 1024K, 88 young (90112K), 9 survivors (9216K)
 Metaspace       used 110538K, committed 111424K, reserved 1179648K
  class space    used 15059K, committed 15488K, reserved 1048576K
}
Event: 29.274 GC heap after
{Heap after GC invocations=57 (full 0):
 garbage-first heap   total 314368K, used 181241K [0x0000000080000000, 0x0000000100000000)
  region size 1024K, 7 young (7168K), 7 survivors (7168K)
 Metaspace       used 110538K, committed 111424K, reserved 1179648K
  class space    used 15059K, committed 15488K, reserved 1048576K
}
Event: 29.488 GC heap before
{Heap before GC invocations=57 (full 0):
 garbage-first heap   total 314368K, used 259065K [0x0000000080000000, 0x0000000100000000)
  region size 1024K, 84 young (86016K), 7 survivors (7168K)
 Metaspace       used 110563K, committed 111488K, reserved 1179648K
  class space    used 15061K, committed 15488K, reserved 1048576K
}
Event: 29.529 GC heap after
{Heap after GC invocations=58 (full 0):
 garbage-first heap   total 377856K, used 184233K [0x0000000080000000, 0x0000000100000000)
  region size 1024K, 7 young (7168K), 7 survivors (7168K)
 Metaspace       used 110563K, committed 111488K, reserved 1179648K
  class space    used 15061K, committed 15488K, reserved 1048576K
}
Event: 30.510 GC heap before
{Heap before GC invocations=58 (full 0):
 garbage-first heap   total 377856K, used 288681K [0x0000000080000000, 0x0000000100000000)
  region size 1024K, 77 young (78848K), 7 survivors (7168K)
 Metaspace       used 110979K, committed 111872K, reserved 1179648K
  class space    used 15109K, committed 15552K, reserved 1048576K
}
Event: 30.520 GC heap after
{Heap after GC invocations=59 (full 0):
 garbage-first heap   total 377856K, used 235879K [0x0000000080000000, 0x0000000100000000)
  region size 1024K, 17 young (17408K), 17 survivors (17408K)
 Metaspace       used 110979K, committed 111872K, reserved 1179648K
  class space    used 15109K, committed 15552K, reserved 1048576K
}
Event: 31.409 GC heap before
{Heap before GC invocations=60 (full 0):
 garbage-first heap   total 429056K, used 396647K [0x0000000080000000, 0x0000000100000000)
  region size 1024K, 83 young (84992K), 17 survivors (17408K)
 Metaspace       used 114203K, committed 115072K, reserved 1179648K
  class space    used 15582K, committed 16000K, reserved 1048576K
}
Event: 31.548 GC heap after
{Heap after GC invocations=61 (full 0):
 garbage-first heap   total 440320K, used 310726K [0x0000000080000000, 0x0000000100000000)
  region size 1024K, 11 young (11264K), 11 survivors (11264K)
 Metaspace       used 114203K, committed 115072K, reserved 1179648K
  class space    used 15582K, committed 16000K, reserved 1048576K
}
Event: 31.556 GC heap before
{Heap before GC invocations=61 (full 0):
 garbage-first heap   total 440320K, used 345542K [0x0000000080000000, 0x0000000100000000)
  region size 1024K, 21 young (21504K), 11 survivors (11264K)
 Metaspace       used 114211K, committed 115072K, reserved 1179648K
  class space    used 15582K, committed 16000K, reserved 1048576K
}
Event: 31.561 GC heap after
{Heap after GC invocations=62 (full 0):
 garbage-first heap   total 440320K, used 319051K [0x0000000080000000, 0x0000000100000000)
  region size 1024K, 3 young (3072K), 3 survivors (3072K)
 Metaspace       used 114211K, committed 115072K, reserved 1179648K
  class space    used 15582K, committed 16000K, reserved 1048576K
}
Event: 31.809 GC heap before
{Heap before GC invocations=62 (full 0):
 garbage-first heap   total 440320K, used 407115K [0x0000000080000000, 0x0000000100000000)
  region size 1024K, 49 young (50176K), 3 survivors (3072K)
 Metaspace       used 115601K, committed 116544K, reserved 1179648K
  class space    used 15792K, committed 16256K, reserved 1048576K
}
Event: 31.837 GC heap after
{Heap after GC invocations=63 (full 0):
 garbage-first heap   total 440320K, used 351113K [0x0000000080000000, 0x0000000100000000)
  region size 1024K, 7 young (7168K), 7 survivors (7168K)
 Metaspace       used 115601K, committed 116544K, reserved 1179648K
  class space    used 15792K, committed 16256K, reserved 1048576K
}
Event: 31.972 GC heap before
{Heap before GC invocations=63 (full 0):
 garbage-first heap   total 440320K, used 373641K [0x0000000080000000, 0x0000000100000000)
  region size 1024K, 29 young (29696K), 7 survivors (7168K)
 Metaspace       used 115647K, committed 116608K, reserved 1179648K
  class space    used 15800K, committed 16256K, reserved 1048576K
}

