# JRE version: OpenJDK Runtime Environment (17.0.9) (build 17.0.9+0--11185874)
# Java VM: OpenJDK 64-Bit Server VM (17.0.9+0--11185874, mixed mode, tiered, compressed oops, compressed class ptrs, g1 gc, windows-amd64)
GC Precious Log:
 CPUs: 8 total, 8 available
 Memory: 16308M
 Large Page Support: Disabled
 NUMA Support: Disabled
 Compressed Oops: Enabled (32-bit)
 Heap Region Size: 1M
 Heap Min Capacity: 8M
 Heap Initial Capacity: 256M
 Heap Max Capacity: 2G
 Pre-touch: Disabled
 Parallel Workers: 8
 Concurrent Workers: 2
 Concurrent Refinement Workers: 8
 Periodic GC: Disabled
Heap:
 garbage-first heap   total 297984K, used 205245K [0x0000000080000000, 0x0000000100000000)
  region size 1024K, 38 young (38912K), 9 survivors (9216K)
 Metaspace       used 111382K, committed 112320K, reserved 1179648K
  class space    used 15153K, committed 15616K, reserved 1048576K
GC Heap History (20 events):
Event: 33.742 GC heap before
{Heap before GC invocations=49 (full 0):
 garbage-first heap   total 239616K, used 194522K [0x0000000080000000, 0x0000000100000000)
  region size 1024K, 58 young (59392K), 8 survivors (8192K)
 Metaspace       used 102427K, committed 103296K, reserved 1179648K
  class space    used 13955K, committed 14336K, reserved 1048576K
}
Event: 33.749 GC heap after
{Heap after GC invocations=50 (full 0):
 garbage-first heap   total 239616K, used 148263K [0x0000000080000000, 0x0000000100000000)
  region size 1024K, 8 young (8192K), 8 survivors (8192K)
 Metaspace       used 102427K, committed 103296K, reserved 1179648K
  class space    used 13955K, committed 14336K, reserved 1048576K
}
Event: 34.805 GC heap before
{Heap before GC invocations=50 (full 0):
 garbage-first heap   total 239616K, used 194343K [0x0000000080000000, 0x0000000100000000)
  region size 1024K, 54 young (55296K), 8 survivors (8192K)
 Metaspace       used 102515K, committed 103360K, reserved 1179648K
  class space    used 13956K, committed 14336K, reserved 1048576K
}
Event: 34.812 GC heap after
{Heap after GC invocations=51 (full 0):
 garbage-first heap   total 239616K, used 151142K [0x0000000080000000, 0x0000000100000000)
  region size 1024K, 6 young (6144K), 6 survivors (6144K)
 Metaspace       used 102515K, committed 103360K, reserved 1179648K
  class space    used 13956K, committed 14336K, reserved 1048576K
}
Event: 35.059 GC heap before
{Heap before GC invocations=51 (full 0):
 garbage-first heap   total 239616K, used 197222K [0x0000000080000000, 0x0000000100000000)
  region size 1024K, 51 young (52224K), 6 survivors (6144K)
 Metaspace       used 102546K, committed 103360K, reserved 1179648K
  class space    used 13957K, committed 14336K, reserved 1048576K
}
Event: 35.065 GC heap after
{Heap after GC invocations=52 (full 0):
 garbage-first heap   total 239616K, used 154753K [0x0000000080000000, 0x0000000100000000)
  region size 1024K, 7 young (7168K), 7 survivors (7168K)
 Metaspace       used 102546K, committed 103360K, reserved 1179648K
  class space    used 13957K, committed 14336K, reserved 1048576K
}
Event: 35.408 GC heap before
{Heap before GC invocations=52 (full 0):
 garbage-first heap   total 239616K, used 196737K [0x0000000080000000, 0x0000000100000000)
  region size 1024K, 49 young (50176K), 7 survivors (7168K)
 Metaspace       used 102549K, committed 103360K, reserved 1179648K
  class space    used 13958K, committed 14336K, reserved 1048576K
}
Event: 35.414 GC heap after
{Heap after GC invocations=53 (full 0):
 garbage-first heap   total 239616K, used 157332K [0x0000000080000000, 0x0000000100000000)
  region size 1024K, 6 young (6144K), 6 survivors (6144K)
 Metaspace       used 102549K, committed 103360K, reserved 1179648K
  class space    used 13958K, committed 14336K, reserved 1048576K
}
Event: 35.617 GC heap before
{Heap before GC invocations=53 (full 0):
 garbage-first heap   total 239616K, used 197268K [0x0000000080000000, 0x0000000100000000)
  region size 1024K, 46 young (47104K), 6 survivors (6144K)
 Metaspace       used 102629K, committed 103424K, reserved 1179648K
  class space    used 13968K, committed 14336K, reserved 1048576K
}
Event: 35.625 GC heap after
{Heap after GC invocations=54 (full 0):
 garbage-first heap   total 239616K, used 159913K [0x0000000080000000, 0x0000000100000000)
  region size 1024K, 5 young (5120K), 5 survivors (5120K)
 Metaspace       used 102629K, committed 103424K, reserved 1179648K
  class space    used 13968K, committed 14336K, reserved 1048576K
}
Event: 35.839 GC heap before
{Heap before GC invocations=54 (full 0):
 garbage-first heap   total 239616K, used 197801K [0x0000000080000000, 0x0000000100000000)
  region size 1024K, 43 young (44032K), 5 survivors (5120K)
 Metaspace       used 102725K, committed 103552K, reserved 1179648K
  class space    used 13983K, committed 14400K, reserved 1048576K
}
Event: 35.855 GC heap after
{Heap after GC invocations=55 (full 0):
 garbage-first heap   total 239616K, used 162033K [0x0000000080000000, 0x0000000100000000)
  region size 1024K, 5 young (5120K), 5 survivors (5120K)
 Metaspace       used 102725K, committed 103552K, reserved 1179648K
  class space    used 13983K, committed 14400K, reserved 1048576K
}
Event: 36.299 GC heap before
{Heap before GC invocations=55 (full 0):
 garbage-first heap   total 239616K, used 198897K [0x0000000080000000, 0x0000000100000000)
  region size 1024K, 42 young (43008K), 5 survivors (5120K)
 Metaspace       used 102833K, committed 103744K, reserved 1179648K
  class space    used 13990K, committed 14400K, reserved 1048576K
}
Event: 36.370 GC heap after
{Heap after GC invocations=56 (full 0):
 garbage-first heap   total 297984K, used 166150K [0x0000000080000000, 0x0000000100000000)
  region size 1024K, 6 young (6144K), 6 survivors (6144K)
 Metaspace       used 102833K, committed 103744K, reserved 1179648K
  class space    used 13990K, committed 14400K, reserved 1048576K
}
Event: 37.314 GC heap before
{Heap before GC invocations=56 (full 0):
 garbage-first heap   total 297984K, used 238854K [0x0000000080000000, 0x0000000100000000)
  region size 1024K, 78 young (79872K), 6 survivors (6144K)
 Metaspace       used 102939K, committed 103808K, reserved 1179648K
  class space    used 13999K, committed 14400K, reserved 1048576K
}
Event: 37.328 GC heap after
{Heap after GC invocations=57 (full 0):
 garbage-first heap   total 297984K, used 171232K [0x0000000080000000, 0x0000000100000000)
  region size 1024K, 8 young (8192K), 8 survivors (8192K)
 Metaspace       used 102939K, committed 103808K, reserved 1179648K
  class space    used 13999K, committed 14400K, reserved 1048576K
}
Event: 41.297 GC heap before
{Heap before GC invocations=57 (full 0):
 garbage-first heap   total 297984K, used 240864K [0x0000000080000000, 0x0000000100000000)
  region size 1024K, 77 young (78848K), 8 survivors (8192K)
 Metaspace       used 105581K, committed 106432K, reserved 1179648K
  class space    used 14398K, committed 14784K, reserved 1048576K
}
Event: 41.306 GC heap after
{Heap after GC invocations=58 (full 0):
 garbage-first heap   total 297984K, used 173506K [0x0000000080000000, 0x0000000100000000)
  region size 1024K, 4 young (4096K), 4 survivors (4096K)
 Metaspace       used 105581K, committed 106432K, reserved 1179648K
  class space    used 14398K, committed 14784K, reserved 1048576K
}
Event: 42.172 GC heap before
{Heap before GC invocations=58 (full 0):
 garbage-first heap   total 297984K, used 234946K [0x0000000080000000, 0x0000000100000000)
  region size 1024K, 66 young (67584K), 4 survivors (4096K)
 Metaspace       used 110453K, committed 111296K, reserved 1179648K
  class space    used 15019K, committed 15424K, reserved 1048576K
}
Event: 42.179 GC heap after
{Heap after GC invocations=59 (full 0):
 garbage-first heap   total 297984K, used 178621K [0x0000000080000000, 0x0000000100000000)
  region size 1024K, 9 young (9216K), 9 survivors (9216K)
 Metaspace       used 110453K, committed 111296K, reserved 1179648K
  class space    used 15019K, committed 15424K, reserved 1048576K
}

