# JRE version: OpenJDK Runtime Environment (17.0.9) (build 17.0.9+0--11185874)
# Java VM: OpenJDK 64-Bit Server VM (17.0.9+0--11185874, mixed mode, tiered, compressed oops, compressed class ptrs, g1 gc, windows-amd64)
GC Precious Log:
 CPUs: 8 total, 8 available
 Memory: 16308M
 Large Page Support: Disabled
 NUMA Support: Disabled
 Compressed Oops: Enabled (32-bit)
 Heap Region Size: 1M
 Heap Min Capacity: 8M
 Heap Initial Capacity: 256M
 Heap Max Capacity: 2G
 Pre-touch: Disabled
 Parallel Workers: 8
 Concurrent Workers: 2
 Concurrent Refinement Workers: 8
 Periodic GC: Disabled
Heap:
 garbage-first heap   total 317440K, used 188503K [0x0000000080000000, 0x0000000100000000)
  region size 1024K, 6 young (6144K), 6 survivors (6144K)
 Metaspace       used 111626K, committed 112640K, reserved 1179648K
  class space    used 15196K, committed 15680K, reserved 1048576K
GC Heap History (20 events):
Event: 35.870 GC heap after
{Heap after GC invocations=55 (full 0):
 garbage-first heap   total 246784K, used 140956K [0x0000000080000000, 0x0000000100000000)
  region size 1024K, 9 young (9216K), 9 survivors (9216K)
 Metaspace       used 102158K, committed 102976K, reserved 1179648K
  class space    used 13949K, committed 14336K, reserved 1048576K
}
Event: 36.442 GC heap before
{Heap before GC invocations=55 (full 0):
 garbage-first heap   total 246784K, used 199324K [0x0000000080000000, 0x0000000100000000)
  region size 1024K, 67 young (68608K), 9 survivors (9216K)
 Metaspace       used 102372K, committed 103232K, reserved 1179648K
  class space    used 13959K, committed 14336K, reserved 1048576K
}
Event: 36.451 GC heap after
{Heap after GC invocations=56 (full 0):
 garbage-first heap   total 246784K, used 144970K [0x0000000080000000, 0x0000000100000000)
  region size 1024K, 8 young (8192K), 8 survivors (8192K)
 Metaspace       used 102372K, committed 103232K, reserved 1179648K
  class space    used 13959K, committed 14336K, reserved 1048576K
}
Event: 37.001 GC heap before
{Heap before GC invocations=56 (full 0):
 garbage-first heap   total 246784K, used 200266K [0x0000000080000000, 0x0000000100000000)
  region size 1024K, 63 young (64512K), 8 survivors (8192K)
 Metaspace       used 102432K, committed 103296K, reserved 1179648K
  class space    used 13960K, committed 14336K, reserved 1048576K
}
Event: 37.007 GC heap after
{Heap after GC invocations=57 (full 0):
 garbage-first heap   total 246784K, used 148965K [0x0000000080000000, 0x0000000100000000)
  region size 1024K, 7 young (7168K), 7 survivors (7168K)
 Metaspace       used 102432K, committed 103296K, reserved 1179648K
  class space    used 13960K, committed 14336K, reserved 1048576K
}
Event: 37.250 GC heap before
{Heap before GC invocations=57 (full 0):
 garbage-first heap   total 246784K, used 201189K [0x0000000080000000, 0x0000000100000000)
  region size 1024K, 58 young (59392K), 7 survivors (7168K)
 Metaspace       used 102457K, committed 103296K, reserved 1179648K
  class space    used 13961K, committed 14336K, reserved 1048576K
}
Event: 37.256 GC heap after
{Heap after GC invocations=58 (full 0):
 garbage-first heap   total 246784K, used 152633K [0x0000000080000000, 0x0000000100000000)
  region size 1024K, 7 young (7168K), 7 survivors (7168K)
 Metaspace       used 102457K, committed 103296K, reserved 1179648K
  class space    used 13961K, committed 14336K, reserved 1048576K
}
Event: 37.509 GC heap before
{Heap before GC invocations=58 (full 0):
 garbage-first heap   total 246784K, used 201785K [0x0000000080000000, 0x0000000100000000)
  region size 1024K, 56 young (57344K), 7 survivors (7168K)
 Metaspace       used 102547K, committed 103424K, reserved 1179648K
  class space    used 13973K, committed 14400K, reserved 1048576K
}
Event: 37.615 GC heap after
{Heap after GC invocations=59 (full 0):
 garbage-first heap   total 317440K, used 156542K [0x0000000080000000, 0x0000000100000000)
  region size 1024K, 7 young (7168K), 7 survivors (7168K)
 Metaspace       used 102547K, committed 103424K, reserved 1179648K
  class space    used 13973K, committed 14400K, reserved 1048576K
}
Event: 38.502 GC heap before
{Heap before GC invocations=59 (full 0):
 garbage-first heap   total 317440K, used 257918K [0x0000000080000000, 0x0000000100000000)
  region size 1024K, 107 young (109568K), 7 survivors (7168K)
 Metaspace       used 102776K, committed 103680K, reserved 1179648K
  class space    used 13993K, committed 14400K, reserved 1048576K
}
Event: 38.533 GC heap after
{Heap after GC invocations=60 (full 0):
 garbage-first heap   total 317440K, used 162826K [0x0000000080000000, 0x0000000100000000)
  region size 1024K, 13 young (13312K), 13 survivors (13312K)
 Metaspace       used 102776K, committed 103680K, reserved 1179648K
  class space    used 13993K, committed 14400K, reserved 1048576K
}
Event: 41.277 GC heap before
{Heap before GC invocations=60 (full 0):
 garbage-first heap   total 317440K, used 258058K [0x0000000080000000, 0x0000000100000000)
  region size 1024K, 107 young (109568K), 13 survivors (13312K)
 Metaspace       used 103351K, committed 104256K, reserved 1179648K
  class space    used 14082K, committed 14528K, reserved 1048576K
}
Event: 41.287 GC heap after
{Heap after GC invocations=61 (full 0):
 garbage-first heap   total 317440K, used 167695K [0x0000000080000000, 0x0000000100000000)
  region size 1024K, 10 young (10240K), 10 survivors (10240K)
 Metaspace       used 103351K, committed 104256K, reserved 1179648K
  class space    used 14082K, committed 14528K, reserved 1048576K
}
Event: 44.593 GC heap before
{Heap before GC invocations=61 (full 0):
 garbage-first heap   total 317440K, used 257807K [0x0000000080000000, 0x0000000100000000)
  region size 1024K, 99 young (101376K), 10 survivors (10240K)
 Metaspace       used 110027K, committed 110912K, reserved 1179648K
  class space    used 14970K, committed 15424K, reserved 1048576K
}
Event: 44.601 GC heap after
{Heap after GC invocations=62 (full 0):
 garbage-first heap   total 317440K, used 172866K [0x0000000080000000, 0x0000000100000000)
  region size 1024K, 6 young (6144K), 6 survivors (6144K)
 Metaspace       used 110027K, committed 110912K, reserved 1179648K
  class space    used 14970K, committed 15424K, reserved 1048576K
}
Event: 45.090 GC heap before
{Heap before GC invocations=62 (full 0):
 garbage-first heap   total 317440K, used 260930K [0x0000000080000000, 0x0000000100000000)
  region size 1024K, 93 young (95232K), 6 survivors (6144K)
 Metaspace       used 111594K, committed 112576K, reserved 1179648K
  class space    used 15196K, committed 15680K, reserved 1048576K
}
Event: 45.105 GC heap after
{Heap after GC invocations=63 (full 0):
 garbage-first heap   total 317440K, used 181889K [0x0000000080000000, 0x0000000100000000)
  region size 1024K, 12 young (12288K), 12 survivors (12288K)
 Metaspace       used 111594K, committed 112576K, reserved 1179648K
  class space    used 15196K, committed 15680K, reserved 1048576K
}
Event: 45.464 GC heap before
{Heap before GC invocations=63 (full 0):
 garbage-first heap   total 317440K, used 261761K [0x0000000080000000, 0x0000000100000000)
  region size 1024K, 91 young (93184K), 12 survivors (12288K)
 Metaspace       used 111606K, committed 112576K, reserved 1179648K
  class space    used 15196K, committed 15680K, reserved 1048576K
}
Event: 45.473 GC heap after
{Heap after GC invocations=64 (full 0):
 garbage-first heap   total 317440K, used 186114K [0x0000000080000000, 0x0000000100000000)
  region size 1024K, 7 young (7168K), 7 survivors (7168K)
 Metaspace       used 111606K, committed 112576K, reserved 1179648K
  class space    used 15196K, committed 15680K, reserved 1048576K
}
Event: 45.801 GC heap before
{Heap before GC invocations=64 (full 0):
 garbage-first heap   total 317440K, used 262914K [0x0000000080000000, 0x0000000100000000)
  region size 1024K, 83 young (84992K), 7 survivors (7168K)
 Metaspace       used 111626K, committed 112640K, reserved 1179648K
  class space    used 15196K, committed 15680K, reserved 1048576K
}

