# JRE version: OpenJDK Runtime Environment (17.0.9) (build 17.0.9+0--11185874)
# Java VM: OpenJDK 64-Bit Server VM (17.0.9+0--11185874, mixed mode, tiered, compressed oops, compressed class ptrs, g1 gc, windows-amd64)
GC Precious Log:
 CPUs: 8 total, 8 available
 Memory: 16308M
 Large Page Support: Disabled
 NUMA Support: Disabled
 Compressed Oops: Enabled (32-bit)
 Heap Region Size: 1M
 Heap Min Capacity: 8M
 Heap Initial Capacity: 256M
 Heap Max Capacity: 2G
 Pre-touch: Disabled
 Parallel Workers: 8
 Concurrent Workers: 2
 Concurrent Refinement Workers: 8
 Periodic GC: Disabled
Heap:
 garbage-first heap   total 217088K, used 152768K [0x0000000080000000, 0x0000000100000000)
  region size 1024K, 28 young (28672K), 6 survivors (6144K)
 Metaspace       used 101214K, committed 102144K, reserved 1179648K
  class space    used 13847K, committed 14272K, reserved 1048576K
GC Heap History (20 events):
Event: 11.374 GC heap before
{Heap before GC invocations=34 (full 0):
 garbage-first heap   total 180224K, used 141873K [0x0000000080000000, 0x0000000100000000)
  region size 1024K, 56 young (57344K), 5 survivors (5120K)
 Metaspace       used 80772K, committed 81408K, reserved 1179648K
  class space    used 10942K, committed 11200K, reserved 1048576K
}
Event: 11.380 GC heap after
{Heap after GC invocations=35 (full 0):
 garbage-first heap   total 180224K, used 91798K [0x0000000080000000, 0x0000000100000000)
  region size 1024K, 3 young (3072K), 3 survivors (3072K)
 Metaspace       used 80772K, committed 81408K, reserved 1179648K
  class space    used 10942K, committed 11200K, reserved 1048576K
}
Event: 11.982 GC heap before
{Heap before GC invocations=35 (full 0):
 garbage-first heap   total 180224K, used 145046K [0x0000000080000000, 0x0000000100000000)
  region size 1024K, 55 young (56320K), 3 survivors (3072K)
 Metaspace       used 84629K, committed 85248K, reserved 1179648K
  class space    used 11510K, committed 11776K, reserved 1048576K
}
Event: 11.987 GC heap after
{Heap after GC invocations=36 (full 0):
 garbage-first heap   total 180224K, used 94291K [0x0000000080000000, 0x0000000100000000)
  region size 1024K, 5 young (5120K), 5 survivors (5120K)
 Metaspace       used 84629K, committed 85248K, reserved 1179648K
  class space    used 11510K, committed 11776K, reserved 1048576K
}
Event: 12.406 GC heap before
{Heap before GC invocations=36 (full 0):
 garbage-first heap   total 180224K, used 147539K [0x0000000080000000, 0x0000000100000000)
  region size 1024K, 57 young (58368K), 5 survivors (5120K)
 Metaspace       used 86045K, committed 86784K, reserved 1179648K
  class space    used 11738K, committed 12096K, reserved 1048576K
}
Event: 12.412 GC heap after
{Heap after GC invocations=37 (full 0):
 garbage-first heap   total 180224K, used 98289K [0x0000000080000000, 0x0000000100000000)
  region size 1024K, 7 young (7168K), 7 survivors (7168K)
 Metaspace       used 86045K, committed 86784K, reserved 1179648K
  class space    used 11738K, committed 12096K, reserved 1048576K
}
Event: 13.110 GC heap before
{Heap before GC invocations=37 (full 0):
 garbage-first heap   total 180224K, used 147441K [0x0000000080000000, 0x0000000100000000)
  region size 1024K, 55 young (56320K), 7 survivors (7168K)
 Metaspace       used 88320K, committed 89088K, reserved 1179648K
  class space    used 12092K, committed 12480K, reserved 1048576K
}
Event: 13.122 GC heap after
{Heap after GC invocations=38 (full 0):
 garbage-first heap   total 180224K, used 105764K [0x0000000080000000, 0x0000000100000000)
  region size 1024K, 7 young (7168K), 7 survivors (7168K)
 Metaspace       used 88320K, committed 89088K, reserved 1179648K
  class space    used 12092K, committed 12480K, reserved 1048576K
}
Event: 13.553 GC heap before
{Heap before GC invocations=38 (full 0):
 garbage-first heap   total 180224K, used 146724K [0x0000000080000000, 0x0000000100000000)
  region size 1024K, 47 young (48128K), 7 survivors (7168K)
 Metaspace       used 91390K, committed 92160K, reserved 1179648K
  class space    used 12576K, committed 12928K, reserved 1048576K
}
Event: 13.562 GC heap after
{Heap after GC invocations=39 (full 0):
 garbage-first heap   total 217088K, used 108978K [0x0000000080000000, 0x0000000100000000)
  region size 1024K, 3 young (3072K), 3 survivors (3072K)
 Metaspace       used 91390K, committed 92160K, reserved 1179648K
  class space    used 12576K, committed 12928K, reserved 1048576K
}
Event: 14.433 GC heap before
{Heap before GC invocations=39 (full 0):
 garbage-first heap   total 217088K, used 176562K [0x0000000080000000, 0x0000000100000000)
  region size 1024K, 69 young (70656K), 3 survivors (3072K)
 Metaspace       used 95998K, committed 96896K, reserved 1179648K
  class space    used 13194K, committed 13632K, reserved 1048576K
}
Event: 14.441 GC heap after
{Heap after GC invocations=40 (full 0):
 garbage-first heap   total 217088K, used 114146K [0x0000000080000000, 0x0000000100000000)
  region size 1024K, 8 young (8192K), 8 survivors (8192K)
 Metaspace       used 95998K, committed 96896K, reserved 1179648K
  class space    used 13194K, committed 13632K, reserved 1048576K
}
Event: 14.807 GC heap before
{Heap before GC invocations=40 (full 0):
 garbage-first heap   total 217088K, used 152034K [0x0000000080000000, 0x0000000100000000)
  region size 1024K, 42 young (43008K), 8 survivors (8192K)
 Metaspace       used 97796K, committed 98560K, reserved 1179648K
  class space    used 13391K, committed 13760K, reserved 1048576K
}
Event: 14.815 GC heap after
{Heap after GC invocations=41 (full 0):
 garbage-first heap   total 217088K, used 120525K [0x0000000080000000, 0x0000000100000000)
  region size 1024K, 6 young (6144K), 6 survivors (6144K)
 Metaspace       used 97796K, committed 98560K, reserved 1179648K
  class space    used 13391K, committed 13760K, reserved 1048576K
}
Event: 15.603 GC heap before
{Heap before GC invocations=42 (full 0):
 garbage-first heap   total 217088K, used 176845K [0x0000000080000000, 0x0000000100000000)
  region size 1024K, 61 young (62464K), 6 survivors (6144K)
 Metaspace       used 100738K, committed 101632K, reserved 1179648K
  class space    used 13776K, committed 14208K, reserved 1048576K
}
Event: 15.613 GC heap after
{Heap after GC invocations=43 (full 0):
 garbage-first heap   total 217088K, used 127237K [0x0000000080000000, 0x0000000100000000)
  region size 1024K, 8 young (8192K), 8 survivors (8192K)
 Metaspace       used 100738K, committed 101632K, reserved 1179648K
  class space    used 13776K, committed 14208K, reserved 1048576K
}
Event: 15.657 GC heap before
{Heap before GC invocations=43 (full 0):
 garbage-first heap   total 217088K, used 129285K [0x0000000080000000, 0x0000000100000000)
  region size 1024K, 10 young (10240K), 8 survivors (8192K)
 Metaspace       used 100906K, committed 101760K, reserved 1179648K
  class space    used 13803K, committed 14208K, reserved 1048576K
}
Event: 15.665 GC heap after
{Heap after GC invocations=44 (full 0):
 garbage-first heap   total 217088K, used 127146K [0x0000000080000000, 0x0000000100000000)
  region size 1024K, 2 young (2048K), 2 survivors (2048K)
 Metaspace       used 100906K, committed 101760K, reserved 1179648K
  class space    used 13803K, committed 14208K, reserved 1048576K
}
Event: 16.141 GC heap before
{Heap before GC invocations=44 (full 0):
 garbage-first heap   total 217088K, used 175274K [0x0000000080000000, 0x0000000100000000)
  region size 1024K, 50 young (51200K), 2 survivors (2048K)
 Metaspace       used 101166K, committed 102016K, reserved 1179648K
  class space    used 13841K, committed 14208K, reserved 1048576K
}
Event: 16.146 GC heap after
{Heap after GC invocations=45 (full 0):
 garbage-first heap   total 217088K, used 131264K [0x0000000080000000, 0x0000000100000000)
  region size 1024K, 6 young (6144K), 6 survivors (6144K)
 Metaspace       used 101166K, committed 102016K, reserved 1179648K
  class space    used 13841K, committed 14208K, reserved 1048576K
}

