# JRE version: OpenJDK Runtime Environment (17.0.7) (build 17.0.7+0-b2043.56-10550314)
# Java VM: OpenJDK 64-Bit Server VM (17.0.7+0-b2043.56-10550314, mixed mode, tiered, compressed oops, compressed class ptrs, g1 gc, windows-amd64)
GC Precious Log:
 CPUs: 8 total, 8 available
 Memory: 16308M
 Large Page Support: Disabled
 NUMA Support: Disabled
 Compressed Oops: Enabled (Zero based)
 Heap Region Size: 2M
 Heap Min Capacity: 8M
 Heap Initial Capacity: 256M
 Heap Max Capacity: 4078M
 Pre-touch: Disabled
 Parallel Workers: 8
 Concurrent Workers: 2
 Concurrent Refinement Workers: 8
 Periodic GC: Disabled
Heap:
 garbage-first heap   total 645120K, used 450543K [0x0000000701200000, 0x0000000800000000)
  region size 2048K, 43 young (88064K), 13 survivors (26624K)
 Metaspace       used 91238K, committed 91712K, reserved 1179648K
  class space    used 9803K, committed 10048K, reserved 1048576K
GC Heap History (20 events):
Event: 45.375 GC heap before
{Heap before GC invocations=45 (full 0):
 garbage-first heap   total 448512K, used 351760K [0x0000000701200000, 0x0000000800000000)
  region size 2048K, 57 young (116736K), 5 survivors (10240K)
 Metaspace       used 79373K, committed 79808K, reserved 1179648K
  class space    used 8744K, committed 8960K, reserved 1048576K
}
Event: 45.389 GC heap after
{Heap after GC invocations=46 (full 0):
 garbage-first heap   total 448512K, used 252271K [0x0000000701200000, 0x0000000800000000)
  region size 2048K, 8 young (16384K), 8 survivors (16384K)
 Metaspace       used 79373K, committed 79808K, reserved 1179648K
  class space    used 8744K, committed 8960K, reserved 1048576K
}
Event: 45.453 GC heap before
{Heap before GC invocations=46 (full 0):
 garbage-first heap   total 448512K, used 256367K [0x0000000701200000, 0x0000000800000000)
  region size 2048K, 10 young (20480K), 8 survivors (16384K)
 Metaspace       used 79382K, committed 79808K, reserved 1179648K
  class space    used 8744K, committed 8960K, reserved 1048576K
}
Event: 45.467 GC heap after
{Heap after GC invocations=47 (full 0):
 garbage-first heap   total 448512K, used 253133K [0x0000000701200000, 0x0000000800000000)
  region size 2048K, 1 young (2048K), 1 survivors (2048K)
 Metaspace       used 79382K, committed 79808K, reserved 1179648K
  class space    used 8744K, committed 8960K, reserved 1048576K
}
Event: 47.490 GC heap before
{Heap before GC invocations=47 (full 0):
 garbage-first heap   total 448512K, used 380109K [0x0000000701200000, 0x0000000800000000)
  region size 2048K, 63 young (129024K), 1 survivors (2048K)
 Metaspace       used 79567K, committed 80000K, reserved 1179648K
  class space    used 8746K, committed 8960K, reserved 1048576K
}
Event: 47.498 GC heap after
{Heap after GC invocations=48 (full 0):
 garbage-first heap   total 448512K, used 259433K [0x0000000701200000, 0x0000000800000000)
  region size 2048K, 5 young (10240K), 5 survivors (10240K)
 Metaspace       used 79567K, committed 80000K, reserved 1179648K
  class space    used 8746K, committed 8960K, reserved 1048576K
}
Event: 49.369 GC heap before
{Heap before GC invocations=48 (full 0):
 garbage-first heap   total 448512K, used 380265K [0x0000000701200000, 0x0000000800000000)
  region size 2048K, 64 young (131072K), 5 survivors (10240K)
 Metaspace       used 79694K, committed 80128K, reserved 1179648K
  class space    used 8753K, committed 8960K, reserved 1048576K
}
Event: 49.382 GC heap after
{Heap after GC invocations=49 (full 0):
 garbage-first heap   total 448512K, used 266730K [0x0000000701200000, 0x0000000800000000)
  region size 2048K, 8 young (16384K), 8 survivors (16384K)
 Metaspace       used 79694K, committed 80128K, reserved 1179648K
  class space    used 8753K, committed 8960K, reserved 1048576K
}
Event: 50.621 GC heap before
{Heap before GC invocations=49 (full 0):
 garbage-first heap   total 448512K, used 381418K [0x0000000701200000, 0x0000000800000000)
  region size 2048K, 64 young (131072K), 8 survivors (16384K)
 Metaspace       used 80296K, committed 80768K, reserved 1179648K
  class space    used 8789K, committed 9024K, reserved 1048576K
}
Event: 50.636 GC heap after
{Heap after GC invocations=50 (full 0):
 garbage-first heap   total 448512K, used 271410K [0x0000000701200000, 0x0000000800000000)
  region size 2048K, 6 young (12288K), 6 survivors (12288K)
 Metaspace       used 80296K, committed 80768K, reserved 1179648K
  class space    used 8789K, committed 9024K, reserved 1048576K
}
Event: 51.584 GC heap before
{Heap before GC invocations=51 (full 0):
 garbage-first heap   total 536576K, used 375858K [0x0000000701200000, 0x0000000800000000)
  region size 2048K, 57 young (116736K), 6 survivors (12288K)
 Metaspace       used 80391K, committed 80832K, reserved 1179648K
  class space    used 8790K, committed 9024K, reserved 1048576K
}
Event: 51.596 GC heap after
{Heap after GC invocations=52 (full 0):
 garbage-first heap   total 536576K, used 274718K [0x0000000701200000, 0x0000000800000000)
  region size 2048K, 4 young (8192K), 4 survivors (8192K)
 Metaspace       used 80391K, committed 80832K, reserved 1179648K
  class space    used 8790K, committed 9024K, reserved 1048576K
}
Event: 51.708 GC heap before
{Heap before GC invocations=52 (full 0):
 garbage-first heap   total 536576K, used 293150K [0x0000000701200000, 0x0000000800000000)
  region size 2048K, 13 young (26624K), 4 survivors (8192K)
 Metaspace       used 80404K, committed 80832K, reserved 1179648K
  class space    used 8791K, committed 9024K, reserved 1048576K
}
Event: 51.718 GC heap after
{Heap after GC invocations=53 (full 0):
 garbage-first heap   total 645120K, used 274927K [0x0000000701200000, 0x0000000800000000)
  region size 2048K, 1 young (2048K), 1 survivors (2048K)
 Metaspace       used 80404K, committed 80832K, reserved 1179648K
  class space    used 8791K, committed 9024K, reserved 1048576K
}
Event: 59.439 GC heap before
{Heap before GC invocations=53 (full 0):
 garbage-first heap   total 645120K, used 526831K [0x0000000701200000, 0x0000000800000000)
  region size 2048K, 124 young (253952K), 1 survivors (2048K)
 Metaspace       used 87876K, committed 88320K, reserved 1179648K
  class space    used 9468K, committed 9664K, reserved 1048576K
}
Event: 59.465 GC heap after
{Heap after GC invocations=54 (full 0):
 garbage-first heap   total 645120K, used 303588K [0x0000000701200000, 0x0000000800000000)
  region size 2048K, 15 young (30720K), 15 survivors (30720K)
 Metaspace       used 87876K, committed 88320K, reserved 1179648K
  class space    used 9468K, committed 9664K, reserved 1048576K
}
Event: 62.507 GC heap before
{Heap before GC invocations=54 (full 0):
 garbage-first heap   total 645120K, used 528868K [0x0000000701200000, 0x0000000800000000)
  region size 2048K, 125 young (256000K), 15 survivors (30720K)
 Metaspace       used 90020K, committed 90432K, reserved 1179648K
  class space    used 9717K, committed 9920K, reserved 1048576K
}
Event: 62.555 GC heap after
{Heap after GC invocations=55 (full 0):
 garbage-first heap   total 645120K, used 342063K [0x0000000701200000, 0x0000000800000000)
  region size 2048K, 16 young (32768K), 16 survivors (32768K)
 Metaspace       used 90020K, committed 90432K, reserved 1179648K
  class space    used 9717K, committed 9920K, reserved 1048576K
}
Event: 64.081 GC heap before
{Heap before GC invocations=55 (full 0):
 garbage-first heap   total 645120K, used 518191K [0x0000000701200000, 0x0000000800000000)
  region size 2048K, 102 young (208896K), 16 survivors (32768K)
 Metaspace       used 90984K, committed 91392K, reserved 1179648K
  class space    used 9788K, committed 9984K, reserved 1048576K
}
Event: 64.128 GC heap after
{Heap after GC invocations=56 (full 0):
 garbage-first heap   total 645120K, used 391151K [0x0000000701200000, 0x0000000800000000)
  region size 2048K, 13 young (26624K), 13 survivors (26624K)
 Metaspace       used 90984K, committed 91392K, reserved 1179648K
  class space    used 9788K, committed 9984K, reserved 1048576K
}

