# JRE version: OpenJDK Runtime Environment (17.0.7) (build 17.0.7+0-b2043.56-10550314)
# Java VM: OpenJDK 64-Bit Server VM (17.0.7+0-b2043.56-10550314, mixed mode, tiered, compressed oops, compressed class ptrs, g1 gc, windows-amd64)
GC Precious Log:
 CPUs: 8 total, 8 available
 Memory: 16308M
 Large Page Support: Disabled
 NUMA Support: Disabled
 Compressed Oops: Enabled (Zero based)
 Heap Region Size: 2M
 Heap Min Capacity: 8M
 Heap Initial Capacity: 256M
 Heap Max Capacity: 4078M
 Pre-touch: Disabled
 Parallel Workers: 8
 Concurrent Workers: 2
 Concurrent Refinement Workers: 8
 Periodic GC: Disabled
Heap:
 garbage-first heap   total 540672K, used 437635K [0x0000000701200000, 0x0000000800000000)
  region size 2048K, 1 young (2048K), 1 survivors (2048K)
 Metaspace       used 91585K, committed 92096K, reserved 1179648K
  class space    used 9822K, committed 10048K, reserved 1048576K
GC Heap History (20 events):
Event: 45.810 GC heap after
{Heap after GC invocations=39 (full 0):
 garbage-first heap   total 540672K, used 266351K [0x0000000701200000, 0x0000000800000000)
  region size 2048K, 13 young (26624K), 13 survivors (26624K)
 Metaspace       used 79601K, committed 80000K, reserved 1179648K
  class space    used 8743K, committed 8960K, reserved 1048576K
}
Event: 48.618 GC heap before
{Heap before GC invocations=39 (full 0):
 garbage-first heap   total 540672K, used 446575K [0x0000000701200000, 0x0000000800000000)
  region size 2048K, 101 young (206848K), 13 survivors (26624K)
 Metaspace       used 80224K, committed 80704K, reserved 1179648K
  class space    used 8778K, committed 9024K, reserved 1048576K
}
Event: 48.643 GC heap after
{Heap after GC invocations=40 (full 0):
 garbage-first heap   total 540672K, used 277507K [0x0000000701200000, 0x0000000800000000)
  region size 2048K, 12 young (24576K), 12 survivors (24576K)
 Metaspace       used 80224K, committed 80704K, reserved 1179648K
  class space    used 8778K, committed 9024K, reserved 1048576K
}
Event: 49.872 GC heap before
{Heap before GC invocations=40 (full 0):
 garbage-first heap   total 540672K, used 451587K [0x0000000701200000, 0x0000000800000000)
  region size 2048K, 97 young (198656K), 12 survivors (24576K)
 Metaspace       used 80432K, committed 80896K, reserved 1179648K
  class space    used 8786K, committed 9024K, reserved 1048576K
}
Event: 49.893 GC heap after
{Heap after GC invocations=41 (full 0):
 garbage-first heap   total 540672K, used 282458K [0x0000000701200000, 0x0000000800000000)
  region size 2048K, 8 young (16384K), 8 survivors (16384K)
 Metaspace       used 80432K, committed 80896K, reserved 1179648K
  class space    used 8786K, committed 9024K, reserved 1048576K
}
Event: 53.177 GC heap before
{Heap before GC invocations=41 (full 0):
 garbage-first heap   total 540672K, used 456538K [0x0000000701200000, 0x0000000800000000)
  region size 2048K, 93 young (190464K), 8 survivors (16384K)
 Metaspace       used 87402K, committed 87808K, reserved 1179648K
  class space    used 9456K, committed 9664K, reserved 1048576K
}
Event: 53.197 GC heap after
{Heap after GC invocations=42 (full 0):
 garbage-first heap   total 540672K, used 293262K [0x0000000701200000, 0x0000000800000000)
  region size 2048K, 8 young (16384K), 8 survivors (16384K)
 Metaspace       used 87402K, committed 87808K, reserved 1179648K
  class space    used 9456K, committed 9664K, reserved 1048576K
}
Event: 55.708 GC heap before
{Heap before GC invocations=42 (full 0):
 garbage-first heap   total 540672K, used 455054K [0x0000000701200000, 0x0000000800000000)
  region size 2048K, 87 young (178176K), 8 survivors (16384K)
 Metaspace       used 88078K, committed 88576K, reserved 1179648K
  class space    used 9475K, committed 9728K, reserved 1048576K
}
Event: 55.743 GC heap after
{Heap after GC invocations=43 (full 0):
 garbage-first heap   total 540672K, used 326433K [0x0000000701200000, 0x0000000800000000)
  region size 2048K, 11 young (22528K), 11 survivors (22528K)
 Metaspace       used 88078K, committed 88576K, reserved 1179648K
  class space    used 9475K, committed 9728K, reserved 1048576K
}
Event: 56.994 GC heap before
{Heap before GC invocations=43 (full 0):
 garbage-first heap   total 540672K, used 443169K [0x0000000701200000, 0x0000000800000000)
  region size 2048K, 68 young (139264K), 11 survivors (22528K)
 Metaspace       used 89781K, committed 90240K, reserved 1179648K
  class space    used 9671K, committed 9920K, reserved 1048576K
}
Event: 57.035 GC heap after
{Heap after GC invocations=44 (full 0):
 garbage-first heap   total 540672K, used 348711K [0x0000000701200000, 0x0000000800000000)
  region size 2048K, 9 young (18432K), 9 survivors (18432K)
 Metaspace       used 89781K, committed 90240K, reserved 1179648K
  class space    used 9671K, committed 9920K, reserved 1048576K
}
Event: 57.554 GC heap before
{Heap before GC invocations=44 (full 0):
 garbage-first heap   total 540672K, used 444967K [0x0000000701200000, 0x0000000800000000)
  region size 2048K, 56 young (114688K), 9 survivors (18432K)
 Metaspace       used 90284K, committed 90816K, reserved 1179648K
  class space    used 9723K, committed 9984K, reserved 1048576K
}
Event: 57.582 GC heap after
{Heap after GC invocations=45 (full 0):
 garbage-first heap   total 540672K, used 362954K [0x0000000701200000, 0x0000000800000000)
  region size 2048K, 7 young (14336K), 7 survivors (14336K)
 Metaspace       used 90284K, committed 90816K, reserved 1179648K
  class space    used 9723K, committed 9984K, reserved 1048576K
}
Event: 58.806 GC heap before
{Heap before GC invocations=45 (full 0):
 garbage-first heap   total 540672K, used 448970K [0x0000000701200000, 0x0000000800000000)
  region size 2048K, 49 young (100352K), 7 survivors (14336K)
 Metaspace       used 91013K, committed 91520K, reserved 1179648K
  class space    used 9780K, committed 9984K, reserved 1048576K
}
Event: 58.828 GC heap after
{Heap after GC invocations=46 (full 0):
 garbage-first heap   total 540672K, used 385497K [0x0000000701200000, 0x0000000800000000)
  region size 2048K, 7 young (14336K), 7 survivors (14336K)
 Metaspace       used 91013K, committed 91520K, reserved 1179648K
  class space    used 9780K, committed 9984K, reserved 1048576K
}
Event: 59.282 GC heap before
{Heap before GC invocations=46 (full 0):
 garbage-first heap   total 540672K, used 444889K [0x0000000701200000, 0x0000000800000000)
  region size 2048K, 36 young (73728K), 7 survivors (14336K)
 Metaspace       used 91036K, committed 91520K, reserved 1179648K
  class space    used 9780K, committed 9984K, reserved 1048576K
}
Event: 59.309 GC heap after
{Heap after GC invocations=47 (full 0):
 garbage-first heap   total 540672K, used 422349K [0x0000000701200000, 0x0000000800000000)
  region size 2048K, 5 young (10240K), 5 survivors (10240K)
 Metaspace       used 91036K, committed 91520K, reserved 1179648K
  class space    used 9780K, committed 9984K, reserved 1048576K
}
Event: 59.612 GC heap before
{Heap before GC invocations=47 (full 0):
 garbage-first heap   total 540672K, used 451021K [0x0000000701200000, 0x0000000800000000)
  region size 2048K, 19 young (38912K), 5 survivors (10240K)
 Metaspace       used 91270K, committed 91776K, reserved 1179648K
  class space    used 9796K, committed 10048K, reserved 1048576K
}
Event: 59.634 GC heap after
{Heap after GC invocations=48 (full 0):
 garbage-first heap   total 540672K, used 434176K [0x0000000701200000, 0x0000000800000000)
  region size 2048K, 3 young (6144K), 3 survivors (6144K)
 Metaspace       used 91270K, committed 91776K, reserved 1179648K
  class space    used 9796K, committed 10048K, reserved 1048576K
}
Event: 59.886 GC heap before
{Heap before GC invocations=48 (full 0):
 garbage-first heap   total 540672K, used 458752K [0x0000000701200000, 0x0000000800000000)
  region size 2048K, 15 young (30720K), 3 survivors (6144K)
 Metaspace       used 91585K, committed 92096K, reserved 1179648K
  class space    used 9822K, committed 10048K, reserved 1048576K
}

